<?xml version="1.0" encoding="UTF-8"?>
<testng-results ignored="0" total="1" passed="1" failed="0" skipped="0">
  <reporter-output>
  </reporter-output>
  <suite started-at="2022-01-20T22:25:46 IST" name="Default suite" finished-at="2022-01-20T22:25:46 IST" duration-ms="31">
    <groups>
    </groups>
    <test started-at="2022-01-20T22:25:46 IST" name="Default test" finished-at="2022-01-20T22:25:46 IST" duration-ms="31">
      <class name="com.crm.sdet28.githubPractice.com.crm.sdet28.githubPractice.test2">
        <test-method signature="testmethod2()[pri:0, instance:com.crm.sdet28.githubPractice.com.crm.sdet28.githubPractice.test2@2525ff7e]" started-at="2022-01-20T22:25:46 IST" name="testmethod2" finished-at="2022-01-20T22:25:46 IST" duration-ms="6" status="PASS">
          <reporter-output>
          </reporter-output>
        </test-method> <!-- testmethod2 -->
      </class> <!-- com.crm.sdet28.githubPractice.com.crm.sdet28.githubPractice.test2 -->
    </test> <!-- Default test -->
  </suite> <!-- Default suite -->
</testng-results>
